mode: set
github.com/go-filesystems/exfat/exfat.go:57.42,59.2 1 1
github.com/go-filesystems/exfat/exfat.go:62.45,64.2 1 1
github.com/go-filesystems/exfat/exfat.go:67.39,69.2 1 1
github.com/go-filesystems/exfat/exfat.go:72.57,74.2 1 1
github.com/go-filesystems/exfat/exfat.go:77.65,79.2 1 1
github.com/go-filesystems/exfat/exfat.go:82.56,84.2 1 1
github.com/go-filesystems/exfat/exfat.go:110.57,112.16 2 1
github.com/go-filesystems/exfat/exfat.go:112.16,114.3 1 1
github.com/go-filesystems/exfat/exfat.go:115.2,116.16 2 1
github.com/go-filesystems/exfat/exfat.go:116.16,119.3 2 1
github.com/go-filesystems/exfat/exfat.go:120.2,121.16 2 1
github.com/go-filesystems/exfat/exfat.go:121.16,124.3 2 1
github.com/go-filesystems/exfat/exfat.go:125.2,125.52 1 1
github.com/go-filesystems/exfat/exfat.go:129.29,129.52 1 1
github.com/go-filesystems/exfat/exfat.go:132.27,132.45 1 1
github.com/go-filesystems/exfat/exfat.go:135.39,135.63 1 1
github.com/go-filesystems/exfat/exfat.go:138.58,139.17 1 1
github.com/go-filesystems/exfat/exfat.go:139.17,141.3 1 1
github.com/go-filesystems/exfat/exfat.go:143.2,144.16 2 1
github.com/go-filesystems/exfat/exfat.go:144.16,146.3 1 1
github.com/go-filesystems/exfat/exfat.go:148.2,149.16 2 1
github.com/go-filesystems/exfat/exfat.go:149.16,151.3 1 1
github.com/go-filesystems/exfat/exfat.go:152.2,152.81 1 1
github.com/go-filesystems/exfat/exfat.go:156.67,157.17 1 1
github.com/go-filesystems/exfat/exfat.go:157.17,159.3 1 1
github.com/go-filesystems/exfat/exfat.go:160.2,161.16 2 1
github.com/go-filesystems/exfat/exfat.go:161.16,163.3 1 1
github.com/go-filesystems/exfat/exfat.go:164.2,164.33 1 1
github.com/go-filesystems/exfat/exfat.go:169.53,170.17 1 1
github.com/go-filesystems/exfat/exfat.go:170.17,172.3 1 1
github.com/go-filesystems/exfat/exfat.go:173.2,174.16 2 1
github.com/go-filesystems/exfat/exfat.go:174.16,176.3 1 1
github.com/go-filesystems/exfat/exfat.go:177.2,178.16 2 1
github.com/go-filesystems/exfat/exfat.go:178.16,180.3 1 1
github.com/go-filesystems/exfat/exfat.go:181.2,181.34 1 1
github.com/go-filesystems/exfat/exfat.go:181.34,183.3 1 1
github.com/go-filesystems/exfat/exfat.go:184.2,184.55 1 1
github.com/go-filesystems/exfat/exfat.go:189.75,191.16 2 1
github.com/go-filesystems/exfat/exfat.go:191.16,193.3 1 1
github.com/go-filesystems/exfat/exfat.go:194.2,194.16 1 1
github.com/go-filesystems/exfat/exfat.go:194.16,196.3 1 1
github.com/go-filesystems/exfat/exfat.go:197.2,198.16 2 1
github.com/go-filesystems/exfat/exfat.go:198.16,200.3 1 1
github.com/go-filesystems/exfat/exfat.go:201.2,202.22 2 1
github.com/go-filesystems/exfat/exfat.go:202.22,205.22 3 1
github.com/go-filesystems/exfat/exfat.go:205.22,206.51 1 1
github.com/go-filesystems/exfat/exfat.go:206.51,208.5 1 1
github.com/go-filesystems/exfat/exfat.go:210.3,210.54 1 1
github.com/go-filesystems/exfat/exfat.go:212.2,213.19 2 1
github.com/go-filesystems/exfat/exfat.go:213.19,215.17 2 1
github.com/go-filesystems/exfat/exfat.go:215.17,217.4 1 1
github.com/go-filesystems/exfat/exfat.go:219.2,222.17 4 1
github.com/go-filesystems/exfat/exfat.go:222.17,224.3 1 1
github.com/go-filesystems/exfat/exfat.go:225.2,226.21 2 1
github.com/go-filesystems/exfat/exfat.go:226.21,228.3 1 1
github.com/go-filesystems/exfat/exfat.go:229.2,230.33 2 1
github.com/go-filesystems/exfat/exfat.go:234.53,236.2 1 1
github.com/go-filesystems/exfat/exfat.go:240.58,242.16 2 1
github.com/go-filesystems/exfat/exfat.go:242.16,244.3 1 1
github.com/go-filesystems/exfat/exfat.go:245.2,245.16 1 1
github.com/go-filesystems/exfat/exfat.go:245.16,247.3 1 1
github.com/go-filesystems/exfat/exfat.go:248.2,249.16 2 1
github.com/go-filesystems/exfat/exfat.go:249.16,251.3 1 1
github.com/go-filesystems/exfat/exfat.go:252.2,252.55 1 1
github.com/go-filesystems/exfat/exfat.go:252.55,254.3 1 1
github.com/go-filesystems/exfat/exfat.go:255.2,258.17 4 1
github.com/go-filesystems/exfat/exfat.go:258.17,260.3 1 1
github.com/go-filesystems/exfat/exfat.go:261.2,262.16 2 1
github.com/go-filesystems/exfat/exfat.go:262.16,264.3 1 1
github.com/go-filesystems/exfat/exfat.go:265.2,265.60 1 1
github.com/go-filesystems/exfat/exfat.go:265.60,267.3 1 1
github.com/go-filesystems/exfat/exfat.go:268.2,270.64 3 1
github.com/go-filesystems/exfat/exfat.go:270.64,272.3 1 1
github.com/go-filesystems/exfat/exfat.go:273.2,274.21 2 1
github.com/go-filesystems/exfat/exfat.go:274.21,276.3 1 1
github.com/go-filesystems/exfat/exfat.go:277.2,278.33 2 1
github.com/go-filesystems/exfat/exfat.go:282.45,284.16 2 1
github.com/go-filesystems/exfat/exfat.go:284.16,286.3 1 1
github.com/go-filesystems/exfat/exfat.go:287.2,287.16 1 1
github.com/go-filesystems/exfat/exfat.go:287.16,289.3 1 1
github.com/go-filesystems/exfat/exfat.go:290.2,291.16 2 1
github.com/go-filesystems/exfat/exfat.go:291.16,293.3 1 1
github.com/go-filesystems/exfat/exfat.go:294.2,295.18 2 1
github.com/go-filesystems/exfat/exfat.go:295.18,297.3 1 1
github.com/go-filesystems/exfat/exfat.go:298.2,299.37 2 1
github.com/go-filesystems/exfat/exfat.go:299.37,301.3 1 1
github.com/go-filesystems/exfat/exfat.go:302.2,304.23 3 1
github.com/go-filesystems/exfat/exfat.go:304.23,305.52 1 1
github.com/go-filesystems/exfat/exfat.go:305.52,307.4 1 1
github.com/go-filesystems/exfat/exfat.go:309.2,310.33 2 1
github.com/go-filesystems/exfat/exfat.go:314.44,316.16 2 1
github.com/go-filesystems/exfat/exfat.go:316.16,318.3 1 1
github.com/go-filesystems/exfat/exfat.go:319.2,319.16 1 1
github.com/go-filesystems/exfat/exfat.go:319.16,321.3 1 1
github.com/go-filesystems/exfat/exfat.go:322.2,323.16 2 1
github.com/go-filesystems/exfat/exfat.go:323.16,325.3 1 1
github.com/go-filesystems/exfat/exfat.go:326.2,327.18 2 1
github.com/go-filesystems/exfat/exfat.go:327.18,329.3 1 1
github.com/go-filesystems/exfat/exfat.go:330.2,331.37 2 1
github.com/go-filesystems/exfat/exfat.go:331.37,333.3 1 1
github.com/go-filesystems/exfat/exfat.go:334.2,336.23 3 1
github.com/go-filesystems/exfat/exfat.go:336.23,339.56 3 1
github.com/go-filesystems/exfat/exfat.go:339.56,341.4 1 1
github.com/go-filesystems/exfat/exfat.go:342.3,342.56 1 1
github.com/go-filesystems/exfat/exfat.go:342.56,344.26 2 1
github.com/go-filesystems/exfat/exfat.go:344.26,345.10 1 1
github.com/go-filesystems/exfat/exfat.go:347.4,347.19 1 1
github.com/go-filesystems/exfat/exfat.go:347.19,349.13 2 1
github.com/go-filesystems/exfat/exfat.go:351.4,351.27 1 1
github.com/go-filesystems/exfat/exfat.go:351.27,353.5 1 1
github.com/go-filesystems/exfat/exfat.go:354.4,354.26 1 0
github.com/go-filesystems/exfat/exfat.go:356.3,356.52 1 1
github.com/go-filesystems/exfat/exfat.go:356.52,358.4 1 1
github.com/go-filesystems/exfat/exfat.go:360.2,361.33 2 1
github.com/go-filesystems/exfat/exfat.go:366.53,368.16 2 1
github.com/go-filesystems/exfat/exfat.go:368.16,370.3 1 1
github.com/go-filesystems/exfat/exfat.go:371.2,371.19 1 1
github.com/go-filesystems/exfat/exfat.go:371.19,373.3 1 1
github.com/go-filesystems/exfat/exfat.go:374.2,375.16 2 1
github.com/go-filesystems/exfat/exfat.go:375.16,377.3 1 1
github.com/go-filesystems/exfat/exfat.go:378.2,378.19 1 1
github.com/go-filesystems/exfat/exfat.go:378.19,380.3 1 1
github.com/go-filesystems/exfat/exfat.go:381.2,381.41 1 1
github.com/go-filesystems/exfat/exfat.go:381.41,383.3 1 1
github.com/go-filesystems/exfat/exfat.go:384.2,385.16 2 1
github.com/go-filesystems/exfat/exfat.go:385.16,387.3 1 1
github.com/go-filesystems/exfat/exfat.go:388.2,389.16 2 1
github.com/go-filesystems/exfat/exfat.go:389.16,391.3 1 1
github.com/go-filesystems/exfat/exfat.go:392.2,398.17 6 1
github.com/go-filesystems/exfat/exfat.go:398.17,401.22 3 1
github.com/go-filesystems/exfat/exfat.go:401.22,402.51 1 1
github.com/go-filesystems/exfat/exfat.go:402.51,404.5 1 1
github.com/go-filesystems/exfat/exfat.go:406.3,406.44 1 1
github.com/go-filesystems/exfat/exfat.go:408.2,414.17 5 1
github.com/go-filesystems/exfat/exfat.go:414.17,416.3 1 1
github.com/go-filesystems/exfat/exfat.go:417.2,418.33 2 1
github.com/go-filesystems/exfat/exfat.go:421.62,423.53 2 1
github.com/go-filesystems/exfat/exfat.go:423.53,425.3 1 1
github.com/go-filesystems/exfat/exfat.go:426.2,426.42 1 1
github.com/go-filesystems/exfat/exfat.go:426.42,428.3 1 1
github.com/go-filesystems/exfat/exfat.go:429.2,429.37 1 1
github.com/go-filesystems/exfat/exfat.go:429.37,431.3 1 1
github.com/go-filesystems/exfat/exfat.go:433.2,435.23 3 1
github.com/go-filesystems/exfat/exfat.go:435.23,437.3 1 1
github.com/go-filesystems/exfat/exfat.go:438.2,439.20 2 1
github.com/go-filesystems/exfat/exfat.go:439.20,441.3 1 1
github.com/go-filesystems/exfat/exfat.go:442.2,443.20 2 1
github.com/go-filesystems/exfat/exfat.go:443.20,445.3 1 1
github.com/go-filesystems/exfat/exfat.go:446.2,447.28 2 1
github.com/go-filesystems/exfat/exfat.go:447.28,449.3 1 1
github.com/go-filesystems/exfat/exfat.go:450.2,451.23 2 1
github.com/go-filesystems/exfat/exfat.go:451.23,453.3 1 1
github.com/go-filesystems/exfat/exfat.go:454.2,455.71 2 1
github.com/go-filesystems/exfat/exfat.go:455.71,457.3 1 1
github.com/go-filesystems/exfat/exfat.go:458.2,459.57 2 1
github.com/go-filesystems/exfat/exfat.go:459.57,461.3 1 1
github.com/go-filesystems/exfat/exfat.go:462.2,463.53 2 1
github.com/go-filesystems/exfat/exfat.go:463.53,465.3 1 1
github.com/go-filesystems/exfat/exfat.go:466.2,467.23 2 1
github.com/go-filesystems/exfat/exfat.go:467.23,469.3 1 1
github.com/go-filesystems/exfat/exfat.go:471.2,487.8 1 1
github.com/go-filesystems/exfat/exfat.go:490.67,492.88 2 1
github.com/go-filesystems/exfat/exfat.go:492.88,494.3 1 1
github.com/go-filesystems/exfat/exfat.go:496.2,497.91 2 1
github.com/go-filesystems/exfat/exfat.go:497.91,499.3 1 1
github.com/go-filesystems/exfat/exfat.go:501.2,501.15 1 1
github.com/go-filesystems/exfat/exfat.go:504.65,506.53 2 1
github.com/go-filesystems/exfat/exfat.go:506.53,508.3 1 1
github.com/go-filesystems/exfat/exfat.go:509.2,513.21 5 1
github.com/go-filesystems/exfat/exfat.go:513.21,515.3 1 1
github.com/go-filesystems/exfat/exfat.go:517.2,519.52 3 1
github.com/go-filesystems/exfat/exfat.go:519.52,520.82 1 1
github.com/go-filesystems/exfat/exfat.go:520.82,521.9 1 1
github.com/go-filesystems/exfat/exfat.go:523.3,527.21 4 1
github.com/go-filesystems/exfat/exfat.go:527.21,528.31 1 1
github.com/go-filesystems/exfat/exfat.go:528.31,529.13 1 1
github.com/go-filesystems/exfat/exfat.go:531.4,531.47 1 1
github.com/go-filesystems/exfat/exfat.go:531.47,533.5 1 1
github.com/go-filesystems/exfat/exfat.go:534.4,534.44 1 1
github.com/go-filesystems/exfat/exfat.go:537.3,537.46 1 1
github.com/go-filesystems/exfat/exfat.go:537.46,539.4 1 1
github.com/go-filesystems/exfat/exfat.go:542.2,542.20 1 1
github.com/go-filesystems/exfat/exfat.go:542.20,544.3 1 1
github.com/go-filesystems/exfat/exfat.go:545.2,545.65 1 1
github.com/go-filesystems/exfat/exfat.go:548.65,550.48 2 1
github.com/go-filesystems/exfat/exfat.go:550.48,552.3 1 1
github.com/go-filesystems/exfat/exfat.go:553.2,553.37 1 1
github.com/go-filesystems/exfat/exfat.go:553.37,557.21 3 1
github.com/go-filesystems/exfat/exfat.go:557.21,558.26 1 1
github.com/go-filesystems/exfat/exfat.go:558.26,559.13 1 1
github.com/go-filesystems/exfat/exfat.go:561.4,561.21 1 1
github.com/go-filesystems/exfat/exfat.go:561.21,563.5 1 1
github.com/go-filesystems/exfat/exfat.go:564.4,564.44 1 1
github.com/go-filesystems/exfat/exfat.go:567.3,567.20 1 1
github.com/go-filesystems/exfat/exfat.go:567.20,569.4 1 1
github.com/go-filesystems/exfat/exfat.go:572.2,572.20 1 1
github.com/go-filesystems/exfat/exfat.go:572.20,574.3 1 1
github.com/go-filesystems/exfat/exfat.go:575.2,575.15 1 1
github.com/go-filesystems/exfat/exfat.go:578.45,580.82 2 1
github.com/go-filesystems/exfat/exfat.go:580.82,582.3 1 1
github.com/go-filesystems/exfat/exfat.go:583.2,583.17 1 1
github.com/go-filesystems/exfat/exfat.go:586.77,588.16 2 1
github.com/go-filesystems/exfat/exfat.go:588.16,590.3 1 1
github.com/go-filesystems/exfat/exfat.go:591.2,592.16 2 1
github.com/go-filesystems/exfat/exfat.go:592.16,594.3 1 1
github.com/go-filesystems/exfat/exfat.go:595.2,595.32 1 1
github.com/go-filesystems/exfat/exfat.go:595.32,596.42 1 1
github.com/go-filesystems/exfat/exfat.go:596.42,598.4 1 1
github.com/go-filesystems/exfat/exfat.go:600.2,600.64 1 1
github.com/go-filesystems/exfat/exfat.go:603.69,605.16 2 1
github.com/go-filesystems/exfat/exfat.go:605.16,607.3 1 1
github.com/go-filesystems/exfat/exfat.go:608.2,609.33 2 1
github.com/go-filesystems/exfat/exfat.go:609.33,611.3 1 1
github.com/go-filesystems/exfat/exfat.go:612.2,612.21 1 1
github.com/go-filesystems/exfat/exfat.go:615.63,618.75 3 1
github.com/go-filesystems/exfat/exfat.go:618.75,621.27 3 1
github.com/go-filesystems/exfat/exfat.go:621.27,623.4 1 1
github.com/go-filesystems/exfat/exfat.go:624.3,624.28 1 1
github.com/go-filesystems/exfat/exfat.go:624.28,625.12 1 1
github.com/go-filesystems/exfat/exfat.go:627.3,628.78 2 1
github.com/go-filesystems/exfat/exfat.go:628.78,630.4 1 1
github.com/go-filesystems/exfat/exfat.go:631.3,632.36 2 1
github.com/go-filesystems/exfat/exfat.go:632.36,634.4 1 1
github.com/go-filesystems/exfat/exfat.go:635.3,637.52 3 1
github.com/go-filesystems/exfat/exfat.go:637.52,639.38 2 1
github.com/go-filesystems/exfat/exfat.go:639.38,641.5 1 1
github.com/go-filesystems/exfat/exfat.go:642.4,642.68 1 1
github.com/go-filesystems/exfat/exfat.go:642.68,644.5 1 1
github.com/go-filesystems/exfat/exfat.go:646.3,646.31 1 1
github.com/go-filesystems/exfat/exfat.go:646.31,648.4 1 1
github.com/go-filesystems/exfat/exfat.go:649.3,654.42 6 1
github.com/go-filesystems/exfat/exfat.go:656.2,656.21 1 1
github.com/go-filesystems/exfat/exfat.go:659.41,660.34 1 1
github.com/go-filesystems/exfat/exfat.go:660.34,661.40 1 1
github.com/go-filesystems/exfat/exfat.go:661.40,663.4 1 1
github.com/go-filesystems/exfat/exfat.go:664.3,664.22 1 1
github.com/go-filesystems/exfat/exfat.go:666.2,666.39 1 1
github.com/go-filesystems/exfat/exfat.go:666.39,668.3 1 1
github.com/go-filesystems/exfat/exfat.go:669.2,669.22 1 1
github.com/go-filesystems/exfat/exfat.go:672.63,673.35 1 1
github.com/go-filesystems/exfat/exfat.go:673.35,675.3 1 1
github.com/go-filesystems/exfat/exfat.go:676.2,677.16 2 1
github.com/go-filesystems/exfat/exfat.go:677.16,679.3 1 1
github.com/go-filesystems/exfat/exfat.go:680.2,680.33 1 1
github.com/go-filesystems/exfat/exfat.go:680.33,682.3 1 1
github.com/go-filesystems/exfat/exfat.go:683.2,683.18 1 1
github.com/go-filesystems/exfat/exfat.go:687.75,688.16 1 1
github.com/go-filesystems/exfat/exfat.go:688.16,690.3 1 1
github.com/go-filesystems/exfat/exfat.go:691.2,696.6 6 1
github.com/go-filesystems/exfat/exfat.go:696.6,697.43 1 1
github.com/go-filesystems/exfat/exfat.go:697.43,698.9 1 1
github.com/go-filesystems/exfat/exfat.go:700.3,702.57 3 1
github.com/go-filesystems/exfat/exfat.go:702.57,704.4 1 1
github.com/go-filesystems/exfat/exfat.go:705.3,707.80 3 1
github.com/go-filesystems/exfat/exfat.go:707.80,709.4 1 1
github.com/go-filesystems/exfat/exfat.go:710.3,711.25 2 1
github.com/go-filesystems/exfat/exfat.go:711.25,712.9 1 1
github.com/go-filesystems/exfat/exfat.go:714.3,714.17 1 1
github.com/go-filesystems/exfat/exfat.go:716.2,716.29 1 1
github.com/go-filesystems/exfat/exfat.go:716.29,718.3 1 1
github.com/go-filesystems/exfat/exfat.go:719.2,719.17 1 1
github.com/go-filesystems/exfat/exfat.go:723.54,727.27 4 1
github.com/go-filesystems/exfat/exfat.go:727.27,729.17 2 1
github.com/go-filesystems/exfat/exfat.go:729.17,730.37 1 1
github.com/go-filesystems/exfat/exfat.go:730.37,732.5 1 1
github.com/go-filesystems/exfat/exfat.go:733.4,733.17 1 1
github.com/go-filesystems/exfat/exfat.go:735.3,735.55 1 1
github.com/go-filesystems/exfat/exfat.go:735.55,737.4 1 1
github.com/go-filesystems/exfat/exfat.go:738.3,738.19 1 1
github.com/go-filesystems/exfat/exfat.go:740.2,740.40 1 1
github.com/go-filesystems/exfat/exfat.go:740.40,741.70 1 1
github.com/go-filesystems/exfat/exfat.go:741.70,743.4 1 1
github.com/go-filesystems/exfat/exfat.go:745.2,746.30 2 1
github.com/go-filesystems/exfat/exfat.go:746.30,750.29 4 1
github.com/go-filesystems/exfat/exfat.go:750.29,753.59 3 1
github.com/go-filesystems/exfat/exfat.go:753.59,755.5 1 1
github.com/go-filesystems/exfat/exfat.go:756.9,757.64 1 1
github.com/go-filesystems/exfat/exfat.go:757.64,759.5 1 1
github.com/go-filesystems/exfat/exfat.go:762.2,762.26 1 1
github.com/go-filesystems/exfat/exfat.go:766.46,769.54 3 1
github.com/go-filesystems/exfat/exfat.go:769.54,770.68 1 1
github.com/go-filesystems/exfat/exfat.go:770.68,772.4 1 1
github.com/go-filesystems/exfat/exfat.go:773.3,773.46 1 1
github.com/go-filesystems/exfat/exfat.go:773.46,775.4 1 1
github.com/go-filesystems/exfat/exfat.go:777.2,777.49 1 1
github.com/go-filesystems/exfat/exfat.go:781.63,786.53 5 1
github.com/go-filesystems/exfat/exfat.go:786.53,788.3 1 1
github.com/go-filesystems/exfat/exfat.go:789.2,789.12 1 1
github.com/go-filesystems/exfat/exfat.go:793.45,796.43 3 1
github.com/go-filesystems/exfat/exfat.go:796.43,798.75 2 1
github.com/go-filesystems/exfat/exfat.go:798.75,800.4 1 1
github.com/go-filesystems/exfat/exfat.go:801.3,802.52 2 1
github.com/go-filesystems/exfat/exfat.go:802.52,804.4 1 1
github.com/go-filesystems/exfat/exfat.go:805.3,805.32 1 1
github.com/go-filesystems/exfat/exfat.go:805.32,806.9 1 1
github.com/go-filesystems/exfat/exfat.go:808.3,808.24 1 1
github.com/go-filesystems/exfat/exfat.go:810.2,810.12 1 1
github.com/go-filesystems/exfat/exfat.go:814.46,815.83 1 1
github.com/go-filesystems/exfat/exfat.go:815.83,817.3 1 1
github.com/go-filesystems/exfat/exfat.go:818.2,818.12 1 1
github.com/go-filesystems/exfat/exfat.go:822.87,842.38 17 1
github.com/go-filesystems/exfat/exfat.go:842.38,847.27 5 1
github.com/go-filesystems/exfat/exfat.go:847.27,849.4 1 1
github.com/go-filesystems/exfat/exfat.go:850.3,850.42 1 1
github.com/go-filesystems/exfat/exfat.go:850.42,852.4 1 1
github.com/go-filesystems/exfat/exfat.go:855.2,856.12 2 1
github.com/go-filesystems/exfat/exfat.go:860.40,862.64 2 1
github.com/go-filesystems/exfat/exfat.go:862.64,867.3 4 1
github.com/go-filesystems/exfat/exfat.go:868.2,868.13 1 1
github.com/go-filesystems/exfat/exfat.go:872.51,875.25 3 1
github.com/go-filesystems/exfat/exfat.go:875.25,876.37 1 1
github.com/go-filesystems/exfat/exfat.go:876.37,877.36 1 1
github.com/go-filesystems/exfat/exfat.go:877.36,878.13 1 1
github.com/go-filesystems/exfat/exfat.go:880.4,881.49 2 1
github.com/go-filesystems/exfat/exfat.go:884.2,884.17 1 1
github.com/go-filesystems/exfat/exfat.go:889.57,891.52 2 1
github.com/go-filesystems/exfat/exfat.go:891.52,893.27 2 1
github.com/go-filesystems/exfat/exfat.go:893.27,894.9 1 1
github.com/go-filesystems/exfat/exfat.go:896.3,896.20 1 1
github.com/go-filesystems/exfat/exfat.go:896.20,898.12 2 1
github.com/go-filesystems/exfat/exfat.go:900.3,900.28 1 1
github.com/go-filesystems/exfat/exfat.go:900.28,902.12 2 1
github.com/go-filesystems/exfat/exfat.go:904.3,905.56 2 1
github.com/go-filesystems/exfat/exfat.go:905.56,906.9 1 1
github.com/go-filesystems/exfat/exfat.go:908.3,911.40 4 1
github.com/go-filesystems/exfat/exfat.go:911.40,913.31 2 1
github.com/go-filesystems/exfat/exfat.go:913.31,914.10 1 1
github.com/go-filesystems/exfat/exfat.go:916.4,916.41 1 1
github.com/go-filesystems/exfat/exfat.go:916.41,918.5 1 1
github.com/go-filesystems/exfat/exfat.go:920.3,920.32 1 1
github.com/go-filesystems/exfat/exfat.go:920.32,922.42 2 1
github.com/go-filesystems/exfat/exfat.go:922.42,924.5 1 1
github.com/go-filesystems/exfat/exfat.go:926.3,926.48 1 1
github.com/go-filesystems/exfat/exfat.go:928.2,928.14 1 1
github.com/go-filesystems/exfat/exfat.go:933.53,934.52 1 1
github.com/go-filesystems/exfat/exfat.go:934.52,936.27 2 1
github.com/go-filesystems/exfat/exfat.go:936.27,938.28 2 1
github.com/go-filesystems/exfat/exfat.go:938.28,940.5 1 1
github.com/go-filesystems/exfat/exfat.go:941.4,941.13 1 1
github.com/go-filesystems/exfat/exfat.go:943.3,943.20 1 1
github.com/go-filesystems/exfat/exfat.go:943.20,945.12 2 1
github.com/go-filesystems/exfat/exfat.go:947.3,947.28 1 1
github.com/go-filesystems/exfat/exfat.go:947.28,949.57 2 1
github.com/go-filesystems/exfat/exfat.go:949.57,951.5 1 1
github.com/go-filesystems/exfat/exfat.go:952.4,952.49 1 1
github.com/go-filesystems/exfat/exfat.go:953.9,955.4 1 1
github.com/go-filesystems/exfat/exfat.go:957.2,957.11 1 1
github.com/go-filesystems/exfat/exfat.go:961.67,962.39 1 1
github.com/go-filesystems/exfat/exfat.go:962.39,964.35 2 1
github.com/go-filesystems/exfat/exfat.go:964.35,966.4 1 1
