mode: set
github.com/go-filesystems/exfat/exfat.go:57.42,59.2 1 1
github.com/go-filesystems/exfat/exfat.go:62.45,64.2 1 1
github.com/go-filesystems/exfat/exfat.go:67.39,69.2 1 1
github.com/go-filesystems/exfat/exfat.go:72.57,74.2 1 1
github.com/go-filesystems/exfat/exfat.go:77.65,79.2 1 1
github.com/go-filesystems/exfat/exfat.go:82.56,84.2 1 1
github.com/go-filesystems/exfat/exfat.go:110.57,112.16 2 1
github.com/go-filesystems/exfat/exfat.go:112.16,114.3 1 1
github.com/go-filesystems/exfat/exfat.go:115.2,116.16 2 1
github.com/go-filesystems/exfat/exfat.go:116.16,119.3 2 1
github.com/go-filesystems/exfat/exfat.go:120.2,121.16 2 1
github.com/go-filesystems/exfat/exfat.go:121.16,124.3 2 1
github.com/go-filesystems/exfat/exfat.go:125.2,125.52 1 1
github.com/go-filesystems/exfat/exfat.go:129.29,129.52 1 1
github.com/go-filesystems/exfat/exfat.go:132.27,132.45 1 1
github.com/go-filesystems/exfat/exfat.go:135.39,135.63 1 1
github.com/go-filesystems/exfat/exfat.go:138.58,140.16 2 1
github.com/go-filesystems/exfat/exfat.go:140.16,142.3 1 1
github.com/go-filesystems/exfat/exfat.go:143.2,143.81 1 1
github.com/go-filesystems/exfat/exfat.go:147.67,149.16 2 1
github.com/go-filesystems/exfat/exfat.go:149.16,151.3 1 1
github.com/go-filesystems/exfat/exfat.go:152.2,152.34 1 1
github.com/go-filesystems/exfat/exfat.go:152.34,154.3 1 1
github.com/go-filesystems/exfat/exfat.go:155.2,156.16 2 1
github.com/go-filesystems/exfat/exfat.go:156.16,158.3 1 1
github.com/go-filesystems/exfat/exfat.go:159.2,159.33 1 1
github.com/go-filesystems/exfat/exfat.go:163.53,164.17 1 1
github.com/go-filesystems/exfat/exfat.go:164.17,166.3 1 1
github.com/go-filesystems/exfat/exfat.go:167.2,168.16 2 1
github.com/go-filesystems/exfat/exfat.go:168.16,170.3 1 1
github.com/go-filesystems/exfat/exfat.go:171.2,171.34 1 1
github.com/go-filesystems/exfat/exfat.go:171.34,173.3 1 1
github.com/go-filesystems/exfat/exfat.go:174.2,174.55 1 1
github.com/go-filesystems/exfat/exfat.go:178.75,180.16 2 1
github.com/go-filesystems/exfat/exfat.go:180.16,182.3 1 1
github.com/go-filesystems/exfat/exfat.go:183.2,183.16 1 1
github.com/go-filesystems/exfat/exfat.go:183.16,185.3 1 0
github.com/go-filesystems/exfat/exfat.go:186.2,187.16 2 1
github.com/go-filesystems/exfat/exfat.go:187.16,189.3 1 1
github.com/go-filesystems/exfat/exfat.go:190.2,191.22 2 1
github.com/go-filesystems/exfat/exfat.go:191.22,194.22 3 1
github.com/go-filesystems/exfat/exfat.go:194.22,195.51 1 1
github.com/go-filesystems/exfat/exfat.go:195.51,197.5 1 1
github.com/go-filesystems/exfat/exfat.go:199.3,199.54 1 1
github.com/go-filesystems/exfat/exfat.go:201.2,202.19 2 1
github.com/go-filesystems/exfat/exfat.go:202.19,204.17 2 1
github.com/go-filesystems/exfat/exfat.go:204.17,206.4 1 1
github.com/go-filesystems/exfat/exfat.go:208.2,211.17 4 1
github.com/go-filesystems/exfat/exfat.go:211.17,213.3 1 1
github.com/go-filesystems/exfat/exfat.go:214.2,215.21 2 1
github.com/go-filesystems/exfat/exfat.go:215.21,217.3 1 1
github.com/go-filesystems/exfat/exfat.go:218.2,219.47 2 1
github.com/go-filesystems/exfat/exfat.go:223.53,225.2 1 1
github.com/go-filesystems/exfat/exfat.go:228.58,230.16 2 1
github.com/go-filesystems/exfat/exfat.go:230.16,232.3 1 1
github.com/go-filesystems/exfat/exfat.go:233.2,234.16 2 1
github.com/go-filesystems/exfat/exfat.go:234.16,236.3 1 1
github.com/go-filesystems/exfat/exfat.go:237.2,237.55 1 1
github.com/go-filesystems/exfat/exfat.go:237.55,239.3 1 1
github.com/go-filesystems/exfat/exfat.go:240.2,243.17 4 1
github.com/go-filesystems/exfat/exfat.go:243.17,245.3 1 1
github.com/go-filesystems/exfat/exfat.go:246.2,247.16 2 1
github.com/go-filesystems/exfat/exfat.go:247.16,249.3 1 1
github.com/go-filesystems/exfat/exfat.go:250.2,250.60 1 1
github.com/go-filesystems/exfat/exfat.go:250.60,252.3 1 1
github.com/go-filesystems/exfat/exfat.go:253.2,255.64 3 1
github.com/go-filesystems/exfat/exfat.go:255.64,257.3 1 1
github.com/go-filesystems/exfat/exfat.go:258.2,259.21 2 1
github.com/go-filesystems/exfat/exfat.go:259.21,261.3 1 1
github.com/go-filesystems/exfat/exfat.go:262.2,263.47 2 1
github.com/go-filesystems/exfat/exfat.go:267.45,269.16 2 1
github.com/go-filesystems/exfat/exfat.go:269.16,271.3 1 1
github.com/go-filesystems/exfat/exfat.go:272.2,273.16 2 1
github.com/go-filesystems/exfat/exfat.go:273.16,275.3 1 1
github.com/go-filesystems/exfat/exfat.go:276.2,277.18 2 1
github.com/go-filesystems/exfat/exfat.go:277.18,279.3 1 1
github.com/go-filesystems/exfat/exfat.go:280.2,281.37 2 1
github.com/go-filesystems/exfat/exfat.go:281.37,283.3 1 1
github.com/go-filesystems/exfat/exfat.go:284.2,286.23 3 1
github.com/go-filesystems/exfat/exfat.go:286.23,287.52 1 1
github.com/go-filesystems/exfat/exfat.go:287.52,289.4 1 1
github.com/go-filesystems/exfat/exfat.go:291.2,292.47 2 1
github.com/go-filesystems/exfat/exfat.go:296.44,298.16 2 1
github.com/go-filesystems/exfat/exfat.go:298.16,300.3 1 1
github.com/go-filesystems/exfat/exfat.go:301.2,302.16 2 1
github.com/go-filesystems/exfat/exfat.go:302.16,304.3 1 1
github.com/go-filesystems/exfat/exfat.go:305.2,306.18 2 1
github.com/go-filesystems/exfat/exfat.go:306.18,308.3 1 1
github.com/go-filesystems/exfat/exfat.go:309.2,310.37 2 1
github.com/go-filesystems/exfat/exfat.go:310.37,312.3 1 1
github.com/go-filesystems/exfat/exfat.go:313.2,315.23 3 1
github.com/go-filesystems/exfat/exfat.go:315.23,318.56 3 1
github.com/go-filesystems/exfat/exfat.go:318.56,320.4 1 1
github.com/go-filesystems/exfat/exfat.go:321.3,321.56 1 1
github.com/go-filesystems/exfat/exfat.go:321.56,323.26 2 1
github.com/go-filesystems/exfat/exfat.go:323.26,324.10 1 1
github.com/go-filesystems/exfat/exfat.go:326.4,326.19 1 1
github.com/go-filesystems/exfat/exfat.go:326.19,328.13 2 1
github.com/go-filesystems/exfat/exfat.go:330.4,330.27 1 1
github.com/go-filesystems/exfat/exfat.go:330.27,332.5 1 1
github.com/go-filesystems/exfat/exfat.go:333.4,333.26 1 1
github.com/go-filesystems/exfat/exfat.go:335.3,335.52 1 1
github.com/go-filesystems/exfat/exfat.go:335.52,337.4 1 1
github.com/go-filesystems/exfat/exfat.go:339.2,340.47 2 1
github.com/go-filesystems/exfat/exfat.go:345.53,347.16 2 1
github.com/go-filesystems/exfat/exfat.go:347.16,349.3 1 1
github.com/go-filesystems/exfat/exfat.go:350.2,351.16 2 1
github.com/go-filesystems/exfat/exfat.go:351.16,353.3 1 1
github.com/go-filesystems/exfat/exfat.go:354.2,354.81 1 1
github.com/go-filesystems/exfat/exfat.go:354.81,356.3 1 1
github.com/go-filesystems/exfat/exfat.go:358.2,359.16 2 1
github.com/go-filesystems/exfat/exfat.go:359.16,361.3 1 1
github.com/go-filesystems/exfat/exfat.go:362.2,363.16 2 1
github.com/go-filesystems/exfat/exfat.go:363.16,365.3 1 1
github.com/go-filesystems/exfat/exfat.go:366.2,373.42 6 1
github.com/go-filesystems/exfat/exfat.go:373.42,375.3 1 1
github.com/go-filesystems/exfat/exfat.go:375.8,377.17 2 1
github.com/go-filesystems/exfat/exfat.go:377.17,379.4 1 1
github.com/go-filesystems/exfat/exfat.go:381.2,382.17 2 1
github.com/go-filesystems/exfat/exfat.go:382.17,385.22 3 1
github.com/go-filesystems/exfat/exfat.go:385.22,386.51 1 1
github.com/go-filesystems/exfat/exfat.go:386.51,388.5 1 1
github.com/go-filesystems/exfat/exfat.go:390.3,390.43 1 1
github.com/go-filesystems/exfat/exfat.go:393.2,393.42 1 1
github.com/go-filesystems/exfat/exfat.go:393.42,404.18 10 1
github.com/go-filesystems/exfat/exfat.go:404.18,406.4 1 1
github.com/go-filesystems/exfat/exfat.go:407.3,408.50 2 1
github.com/go-filesystems/exfat/exfat.go:412.2,413.65 2 1
github.com/go-filesystems/exfat/exfat.go:413.65,415.3 1 1
github.com/go-filesystems/exfat/exfat.go:416.2,419.17 4 1
github.com/go-filesystems/exfat/exfat.go:419.17,421.3 1 1
github.com/go-filesystems/exfat/exfat.go:422.2,423.49 2 1
github.com/go-filesystems/exfat/exfat.go:426.62,428.53 2 1
github.com/go-filesystems/exfat/exfat.go:428.53,430.3 1 1
github.com/go-filesystems/exfat/exfat.go:431.2,431.42 1 1
github.com/go-filesystems/exfat/exfat.go:431.42,433.3 1 1
github.com/go-filesystems/exfat/exfat.go:434.2,434.37 1 1
github.com/go-filesystems/exfat/exfat.go:434.37,436.3 1 1
github.com/go-filesystems/exfat/exfat.go:438.2,440.23 3 1
github.com/go-filesystems/exfat/exfat.go:440.23,442.3 1 1
github.com/go-filesystems/exfat/exfat.go:443.2,444.20 2 1
github.com/go-filesystems/exfat/exfat.go:444.20,446.3 1 1
github.com/go-filesystems/exfat/exfat.go:447.2,448.20 2 1
github.com/go-filesystems/exfat/exfat.go:448.20,450.3 1 1
github.com/go-filesystems/exfat/exfat.go:451.2,452.28 2 1
github.com/go-filesystems/exfat/exfat.go:452.28,454.3 1 1
github.com/go-filesystems/exfat/exfat.go:455.2,456.23 2 1
github.com/go-filesystems/exfat/exfat.go:456.23,458.3 1 1
github.com/go-filesystems/exfat/exfat.go:459.2,460.71 2 1
github.com/go-filesystems/exfat/exfat.go:460.71,462.3 1 1
github.com/go-filesystems/exfat/exfat.go:463.2,464.57 2 1
github.com/go-filesystems/exfat/exfat.go:464.57,466.3 1 1
github.com/go-filesystems/exfat/exfat.go:467.2,468.53 2 1
github.com/go-filesystems/exfat/exfat.go:468.53,470.3 1 1
github.com/go-filesystems/exfat/exfat.go:471.2,472.23 2 1
github.com/go-filesystems/exfat/exfat.go:472.23,474.3 1 1
github.com/go-filesystems/exfat/exfat.go:476.2,492.8 1 1
github.com/go-filesystems/exfat/exfat.go:495.67,497.88 2 1
github.com/go-filesystems/exfat/exfat.go:497.88,499.3 1 1
github.com/go-filesystems/exfat/exfat.go:501.2,502.91 2 1
github.com/go-filesystems/exfat/exfat.go:502.91,504.3 1 1
github.com/go-filesystems/exfat/exfat.go:506.2,506.15 1 1
github.com/go-filesystems/exfat/exfat.go:509.65,511.53 2 1
github.com/go-filesystems/exfat/exfat.go:511.53,513.3 1 1
github.com/go-filesystems/exfat/exfat.go:514.2,518.21 5 1
github.com/go-filesystems/exfat/exfat.go:518.21,520.3 1 1
github.com/go-filesystems/exfat/exfat.go:522.2,524.52 3 1
github.com/go-filesystems/exfat/exfat.go:524.52,525.82 1 1
github.com/go-filesystems/exfat/exfat.go:525.82,526.9 1 1
github.com/go-filesystems/exfat/exfat.go:528.3,532.21 4 1
github.com/go-filesystems/exfat/exfat.go:532.21,533.31 1 1
github.com/go-filesystems/exfat/exfat.go:533.31,534.13 1 1
github.com/go-filesystems/exfat/exfat.go:536.4,536.47 1 1
github.com/go-filesystems/exfat/exfat.go:536.47,538.5 1 1
github.com/go-filesystems/exfat/exfat.go:539.4,539.44 1 1
github.com/go-filesystems/exfat/exfat.go:542.3,542.46 1 1
github.com/go-filesystems/exfat/exfat.go:542.46,544.4 1 1
github.com/go-filesystems/exfat/exfat.go:547.2,547.20 1 1
github.com/go-filesystems/exfat/exfat.go:547.20,549.3 1 1
github.com/go-filesystems/exfat/exfat.go:550.2,550.65 1 1
github.com/go-filesystems/exfat/exfat.go:553.65,555.48 2 1
github.com/go-filesystems/exfat/exfat.go:555.48,557.3 1 1
github.com/go-filesystems/exfat/exfat.go:558.2,558.37 1 1
github.com/go-filesystems/exfat/exfat.go:558.37,562.21 3 1
github.com/go-filesystems/exfat/exfat.go:562.21,563.26 1 1
github.com/go-filesystems/exfat/exfat.go:563.26,564.13 1 1
github.com/go-filesystems/exfat/exfat.go:566.4,566.21 1 1
github.com/go-filesystems/exfat/exfat.go:566.21,568.5 1 1
github.com/go-filesystems/exfat/exfat.go:569.4,569.44 1 1
github.com/go-filesystems/exfat/exfat.go:572.3,572.20 1 1
github.com/go-filesystems/exfat/exfat.go:572.20,574.4 1 1
github.com/go-filesystems/exfat/exfat.go:577.2,577.20 1 1
github.com/go-filesystems/exfat/exfat.go:577.20,579.3 1 1
github.com/go-filesystems/exfat/exfat.go:580.2,580.15 1 1
github.com/go-filesystems/exfat/exfat.go:583.69,585.16 2 1
github.com/go-filesystems/exfat/exfat.go:585.16,587.3 1 1
github.com/go-filesystems/exfat/exfat.go:588.2,589.33 2 1
github.com/go-filesystems/exfat/exfat.go:589.33,591.3 1 1
github.com/go-filesystems/exfat/exfat.go:592.2,592.21 1 1
github.com/go-filesystems/exfat/exfat.go:595.63,598.75 3 1
github.com/go-filesystems/exfat/exfat.go:598.75,601.27 3 1
github.com/go-filesystems/exfat/exfat.go:601.27,603.4 1 1
github.com/go-filesystems/exfat/exfat.go:604.3,604.28 1 1
github.com/go-filesystems/exfat/exfat.go:604.28,605.12 1 1
github.com/go-filesystems/exfat/exfat.go:607.3,608.78 2 1
github.com/go-filesystems/exfat/exfat.go:608.78,610.4 1 1
github.com/go-filesystems/exfat/exfat.go:611.3,612.36 2 1
github.com/go-filesystems/exfat/exfat.go:612.36,614.4 1 1
github.com/go-filesystems/exfat/exfat.go:615.3,617.52 3 1
github.com/go-filesystems/exfat/exfat.go:617.52,619.38 2 1
github.com/go-filesystems/exfat/exfat.go:619.38,621.5 1 1
github.com/go-filesystems/exfat/exfat.go:622.4,622.68 1 1
github.com/go-filesystems/exfat/exfat.go:622.68,624.5 1 1
github.com/go-filesystems/exfat/exfat.go:626.3,626.31 1 1
github.com/go-filesystems/exfat/exfat.go:626.31,628.4 1 1
github.com/go-filesystems/exfat/exfat.go:629.3,634.42 6 1
github.com/go-filesystems/exfat/exfat.go:636.2,636.21 1 1
github.com/go-filesystems/exfat/exfat.go:639.41,640.34 1 1
github.com/go-filesystems/exfat/exfat.go:640.34,641.40 1 1
github.com/go-filesystems/exfat/exfat.go:641.40,643.4 1 1
github.com/go-filesystems/exfat/exfat.go:644.3,644.22 1 1
github.com/go-filesystems/exfat/exfat.go:646.2,646.39 1 1
github.com/go-filesystems/exfat/exfat.go:646.39,648.3 1 1
github.com/go-filesystems/exfat/exfat.go:649.2,649.22 1 1
github.com/go-filesystems/exfat/exfat.go:652.63,653.35 1 1
github.com/go-filesystems/exfat/exfat.go:653.35,655.3 1 1
github.com/go-filesystems/exfat/exfat.go:656.2,657.16 2 1
github.com/go-filesystems/exfat/exfat.go:657.16,659.3 1 1
github.com/go-filesystems/exfat/exfat.go:660.2,660.33 1 1
github.com/go-filesystems/exfat/exfat.go:660.33,662.3 1 1
github.com/go-filesystems/exfat/exfat.go:663.2,663.18 1 1
github.com/go-filesystems/exfat/exfat.go:667.43,669.16 2 1
github.com/go-filesystems/exfat/exfat.go:669.16,671.3 1 1
github.com/go-filesystems/exfat/exfat.go:672.2,672.33 1 1
github.com/go-filesystems/exfat/exfat.go:676.63,680.2 3 1
github.com/go-filesystems/exfat/exfat.go:683.66,688.56 5 1
github.com/go-filesystems/exfat/exfat.go:688.56,691.21 3 1
github.com/go-filesystems/exfat/exfat.go:691.21,693.4 1 0
github.com/go-filesystems/exfat/exfat.go:694.3,696.54 3 1
github.com/go-filesystems/exfat/exfat.go:696.54,698.4 1 1
github.com/go-filesystems/exfat/exfat.go:699.3,699.22 1 1
github.com/go-filesystems/exfat/exfat.go:699.22,700.9 1 1
github.com/go-filesystems/exfat/exfat.go:702.3,703.75 2 1
github.com/go-filesystems/exfat/exfat.go:703.75,705.4 1 1
github.com/go-filesystems/exfat/exfat.go:706.3,706.48 1 1
github.com/go-filesystems/exfat/exfat.go:708.2,708.12 1 1
github.com/go-filesystems/exfat/exfat.go:713.70,714.35 1 1
github.com/go-filesystems/exfat/exfat.go:714.35,716.3 1 1
github.com/go-filesystems/exfat/exfat.go:717.2,718.21 2 1
github.com/go-filesystems/exfat/exfat.go:718.21,720.3 1 1
github.com/go-filesystems/exfat/exfat.go:721.2,724.29 4 1
github.com/go-filesystems/exfat/exfat.go:724.29,726.17 2 1
github.com/go-filesystems/exfat/exfat.go:726.17,728.4 1 1
github.com/go-filesystems/exfat/exfat.go:729.3,730.17 2 1
github.com/go-filesystems/exfat/exfat.go:730.17,732.4 1 1
github.com/go-filesystems/exfat/exfat.go:733.3,734.29 2 1
github.com/go-filesystems/exfat/exfat.go:734.29,735.39 1 1
github.com/go-filesystems/exfat/exfat.go:735.39,736.53 1 1
github.com/go-filesystems/exfat/exfat.go:736.53,738.6 1 1
github.com/go-filesystems/exfat/exfat.go:739.5,743.10 5 1
github.com/go-filesystems/exfat/exfat.go:746.3,746.13 1 1
github.com/go-filesystems/exfat/exfat.go:746.13,748.4 1 1
github.com/go-filesystems/exfat/exfat.go:750.2,750.35 1 1
github.com/go-filesystems/exfat/exfat.go:754.88,756.21 2 1
github.com/go-filesystems/exfat/exfat.go:756.21,758.3 1 1
github.com/go-filesystems/exfat/exfat.go:759.2,759.35 1 1
github.com/go-filesystems/exfat/exfat.go:759.35,761.3 1 1
github.com/go-filesystems/exfat/exfat.go:762.2,763.21 2 1
github.com/go-filesystems/exfat/exfat.go:763.21,765.3 1 1
github.com/go-filesystems/exfat/exfat.go:766.2,767.16 2 1
github.com/go-filesystems/exfat/exfat.go:767.16,769.3 1 1
github.com/go-filesystems/exfat/exfat.go:770.2,770.35 1 1
github.com/go-filesystems/exfat/exfat.go:770.35,772.3 1 1
github.com/go-filesystems/exfat/exfat.go:773.2,773.34 1 1
github.com/go-filesystems/exfat/exfat.go:777.75,778.16 1 1
github.com/go-filesystems/exfat/exfat.go:778.16,780.3 1 1
github.com/go-filesystems/exfat/exfat.go:781.2,786.6 6 1
github.com/go-filesystems/exfat/exfat.go:786.6,787.43 1 1
github.com/go-filesystems/exfat/exfat.go:787.43,788.9 1 1
github.com/go-filesystems/exfat/exfat.go:790.3,792.57 3 1
github.com/go-filesystems/exfat/exfat.go:792.57,794.4 1 1
github.com/go-filesystems/exfat/exfat.go:795.3,797.80 3 1
github.com/go-filesystems/exfat/exfat.go:797.80,799.4 1 1
github.com/go-filesystems/exfat/exfat.go:800.3,801.25 2 1
github.com/go-filesystems/exfat/exfat.go:801.25,802.9 1 1
github.com/go-filesystems/exfat/exfat.go:804.3,804.17 1 1
github.com/go-filesystems/exfat/exfat.go:806.2,806.29 1 1
github.com/go-filesystems/exfat/exfat.go:806.29,808.3 1 1
github.com/go-filesystems/exfat/exfat.go:809.2,809.17 1 1
github.com/go-filesystems/exfat/exfat.go:813.54,817.27 4 1
github.com/go-filesystems/exfat/exfat.go:817.27,819.17 2 1
github.com/go-filesystems/exfat/exfat.go:819.17,820.37 1 1
github.com/go-filesystems/exfat/exfat.go:820.37,822.5 1 1
github.com/go-filesystems/exfat/exfat.go:823.4,823.17 1 1
github.com/go-filesystems/exfat/exfat.go:825.3,825.55 1 1
github.com/go-filesystems/exfat/exfat.go:825.55,827.4 1 1
github.com/go-filesystems/exfat/exfat.go:828.3,828.19 1 1
github.com/go-filesystems/exfat/exfat.go:830.2,830.40 1 1
github.com/go-filesystems/exfat/exfat.go:830.40,831.70 1 1
github.com/go-filesystems/exfat/exfat.go:831.70,833.4 1 1
github.com/go-filesystems/exfat/exfat.go:835.2,836.30 2 1
github.com/go-filesystems/exfat/exfat.go:836.30,840.29 4 1
github.com/go-filesystems/exfat/exfat.go:840.29,843.59 3 1
github.com/go-filesystems/exfat/exfat.go:843.59,845.5 1 1
github.com/go-filesystems/exfat/exfat.go:846.9,847.64 1 1
github.com/go-filesystems/exfat/exfat.go:847.64,849.5 1 1
github.com/go-filesystems/exfat/exfat.go:852.2,852.26 1 1
github.com/go-filesystems/exfat/exfat.go:856.46,859.54 3 1
github.com/go-filesystems/exfat/exfat.go:859.54,860.68 1 1
github.com/go-filesystems/exfat/exfat.go:860.68,862.4 1 1
github.com/go-filesystems/exfat/exfat.go:863.3,863.46 1 1
github.com/go-filesystems/exfat/exfat.go:863.46,865.4 1 1
github.com/go-filesystems/exfat/exfat.go:867.2,867.49 1 1
github.com/go-filesystems/exfat/exfat.go:871.63,876.53 5 1
github.com/go-filesystems/exfat/exfat.go:876.53,878.3 1 1
github.com/go-filesystems/exfat/exfat.go:879.2,879.12 1 1
github.com/go-filesystems/exfat/exfat.go:883.45,886.43 3 1
github.com/go-filesystems/exfat/exfat.go:886.43,888.75 2 1
github.com/go-filesystems/exfat/exfat.go:888.75,890.4 1 1
github.com/go-filesystems/exfat/exfat.go:891.3,892.52 2 1
github.com/go-filesystems/exfat/exfat.go:892.52,894.4 1 1
github.com/go-filesystems/exfat/exfat.go:895.3,895.32 1 1
github.com/go-filesystems/exfat/exfat.go:895.32,896.9 1 1
github.com/go-filesystems/exfat/exfat.go:898.3,898.24 1 1
github.com/go-filesystems/exfat/exfat.go:900.2,900.12 1 1
github.com/go-filesystems/exfat/exfat.go:904.46,906.2 1 1
github.com/go-filesystems/exfat/exfat.go:909.87,929.38 17 1
github.com/go-filesystems/exfat/exfat.go:929.38,934.27 5 1
github.com/go-filesystems/exfat/exfat.go:934.27,936.4 1 1
github.com/go-filesystems/exfat/exfat.go:937.3,937.42 1 1
github.com/go-filesystems/exfat/exfat.go:937.42,939.4 1 1
github.com/go-filesystems/exfat/exfat.go:942.2,943.12 2 1
github.com/go-filesystems/exfat/exfat.go:947.40,949.64 2 1
github.com/go-filesystems/exfat/exfat.go:949.64,954.3 4 1
github.com/go-filesystems/exfat/exfat.go:955.2,955.13 1 1
github.com/go-filesystems/exfat/exfat.go:959.51,962.25 3 1
github.com/go-filesystems/exfat/exfat.go:962.25,963.37 1 1
github.com/go-filesystems/exfat/exfat.go:963.37,964.36 1 1
github.com/go-filesystems/exfat/exfat.go:964.36,965.13 1 1
github.com/go-filesystems/exfat/exfat.go:967.4,968.49 2 1
github.com/go-filesystems/exfat/exfat.go:971.2,971.17 1 1
github.com/go-filesystems/exfat/exfat.go:976.57,978.52 2 1
github.com/go-filesystems/exfat/exfat.go:978.52,980.27 2 1
github.com/go-filesystems/exfat/exfat.go:980.27,981.9 1 1
github.com/go-filesystems/exfat/exfat.go:983.3,983.20 1 1
github.com/go-filesystems/exfat/exfat.go:983.20,985.12 2 1
github.com/go-filesystems/exfat/exfat.go:987.3,987.28 1 1
github.com/go-filesystems/exfat/exfat.go:987.28,989.12 2 1
github.com/go-filesystems/exfat/exfat.go:991.3,992.56 2 1
github.com/go-filesystems/exfat/exfat.go:992.56,993.9 1 1
github.com/go-filesystems/exfat/exfat.go:995.3,998.40 4 1
github.com/go-filesystems/exfat/exfat.go:998.40,1000.31 2 1
github.com/go-filesystems/exfat/exfat.go:1000.31,1001.10 1 1
github.com/go-filesystems/exfat/exfat.go:1003.4,1003.41 1 1
github.com/go-filesystems/exfat/exfat.go:1003.41,1005.5 1 1
github.com/go-filesystems/exfat/exfat.go:1007.3,1007.32 1 1
github.com/go-filesystems/exfat/exfat.go:1007.32,1009.42 2 1
github.com/go-filesystems/exfat/exfat.go:1009.42,1011.5 1 1
github.com/go-filesystems/exfat/exfat.go:1013.3,1013.48 1 1
github.com/go-filesystems/exfat/exfat.go:1015.2,1015.14 1 1
github.com/go-filesystems/exfat/exfat.go:1020.53,1021.52 1 1
github.com/go-filesystems/exfat/exfat.go:1021.52,1023.27 2 1
github.com/go-filesystems/exfat/exfat.go:1023.27,1025.28 2 1
github.com/go-filesystems/exfat/exfat.go:1025.28,1027.5 1 1
github.com/go-filesystems/exfat/exfat.go:1028.4,1028.13 1 1
github.com/go-filesystems/exfat/exfat.go:1030.3,1030.20 1 1
github.com/go-filesystems/exfat/exfat.go:1030.20,1032.12 2 1
github.com/go-filesystems/exfat/exfat.go:1034.3,1034.28 1 1
github.com/go-filesystems/exfat/exfat.go:1034.28,1036.57 2 1
github.com/go-filesystems/exfat/exfat.go:1036.57,1038.5 1 1
github.com/go-filesystems/exfat/exfat.go:1039.4,1039.49 1 1
github.com/go-filesystems/exfat/exfat.go:1040.9,1042.4 1 1
github.com/go-filesystems/exfat/exfat.go:1044.2,1044.11 1 1
github.com/go-filesystems/exfat/exfat.go:1048.67,1049.39 1 1
github.com/go-filesystems/exfat/exfat.go:1049.39,1051.35 2 1
github.com/go-filesystems/exfat/exfat.go:1051.35,1053.4 1 1
